<?xml version="1.0" encoding="UTF-8"?>
<testsuite name="ReverseStringTest" tests="6" skipped="1" failures="0" errors="0" timestamp="2021-01-18T09:56:11" hostname="ThinkArch" time="0.021">
  <properties/>
  <testcase name="testAWord" classname="ReverseStringTest" time="0.019"/>
  <testcase name="testAnEmptyString" classname="ReverseStringTest" time="0.0"/>
  <testcase name="testACapitalizedWord" classname="ReverseStringTest" time="0.0"/>
  <testcase name="testASentenceWithPunctuation" classname="ReverseStringTest" time="0.0"/>
  <testcase name="testAPalindrome" classname="ReverseStringTest" time="0.0">
    <skipped/>
  </testcase>
  <testcase name="testAnEvenSizedWord" classname="ReverseStringTest" time="0.0"/>
  <system-out><![CDATA[]]></system-out>
  <system-err><![CDATA[]]></system-err>
</testsuite>
